[2026-07-21 06:25:43] [RUNNING] [GAURANGA] ============================================================
[2026-07-21 06:25:43] [RUNNING] [GAURANGA] STARTING GAURANGA ROOT TOOLKIT
[2026-07-21 06:25:43] [RUNNING] [GAURANGA] ============================================================
[2026-07-21 06:25:43] [INFO] [GAURANGA] 
[2026-07-21 06:25:43] [INFO] [GAURANGA] PHASE 1: ENVIRONMENT CHECK
[2026-07-21 06:25:43] [INFO] [GAURANGA] Checking environment...
[2026-07-21 06:25:43] [INFO] [GAURANGA]   Python Version: 3.13.14
[2026-07-21 06:25:43] [INFO] [GAURANGA]   OS: posix
[2026-07-21 06:25:43] [INFO] [GAURANGA]   User: Unknown
[2026-07-21 06:25:43] [INFO] [GAURANGA]   Working Dir: /workspace/project/MAHA-LAKSHMI-CORP/gauranga-root-toolkit
[2026-07-21 06:25:43] [INFO] [GAURANGA] Checking dependencies...
[2026-07-21 06:25:43] [SUCCESS] [GAURANGA]   json: OK
[2026-07-21 06:25:43] [SUCCESS] [GAURANGA]   time: OK
[2026-07-21 06:25:43] [SUCCESS] [GAURANGA]   datetime: OK
[2026-07-21 06:25:43] [SUCCESS] [GAURANGA]   pathlib: OK
[2026-07-21 06:25:43] [SUCCESS] [GAURANGA]   subprocess: OK
[2026-07-21 06:25:43] [INFO] [GAURANGA] 
[2026-07-21 06:25:43] [INFO] [GAURANGA] PHASE 2: DATABASE
[2026-07-21 06:25:43] [SUCCESS] [GAURANGA]   Database initialized
[2026-07-21 06:25:43] [INFO] [GAURANGA] 
[2026-07-21 06:25:43] [INFO] [GAURANGA] PHASE 3: MEMORY
[2026-07-21 06:25:43] [SUCCESS] [GAURANGA]   Memory initialized
[2026-07-21 06:25:43] [INFO] [GAURANGA] 
[2026-07-21 06:25:43] [INFO] [GAURANGA] PHASE 4: AI AGENTS
[2026-07-21 06:25:43] [INFO] [GAURANGA] Initializing AI Agents...
[2026-07-21 06:25:43] [SUCCESS] [GAURANGA]   CEO Agent: READY
[2026-07-21 06:25:43] [SUCCESS] [GAURANGA]   Finance Agent: READY
[2026-07-21 06:25:43] [SUCCESS] [GAURANGA]   Sales Agent: READY
[2026-07-21 06:25:43] [SUCCESS] [GAURANGA]   Marketing Agent: READY
[2026-07-21 06:25:43] [SUCCESS] [GAURANGA]   Customer Support Agent: READY
[2026-07-21 06:25:43] [SUCCESS] [GAURANGA]   Web Developer Agent: READY
[2026-07-21 06:25:43] [SUCCESS] [GAURANGA]   Content Agent: READY
[2026-07-21 06:25:43] [SUCCESS] [GAURANGA]   SEO Agent: READY
[2026-07-21 06:25:43] [SUCCESS] [GAURANGA]   Graphic Designer Agent: READY
[2026-07-21 06:25:43] [SUCCESS] [GAURANGA]   Video Creator Agent: READY
[2026-07-21 06:25:43] [SUCCESS] [GAURANGA]   Data Analyst Agent: READY
[2026-07-21 06:25:43] [SUCCESS] [GAURANGA]   Research Agent: READY
[2026-07-21 06:25:43] [SUCCESS] [GAURANGA]   Project Manager Agent: READY
[2026-07-21 06:25:43] [SUCCESS] [GAURANGA]   Security Agent: READY
[2026-07-21 06:25:43] [SUCCESS] [GAURANGA]   System Administrator Agent: READY
[2026-07-21 06:25:43] [SUCCESS] [GAURANGA]   Automation Agent: READY
[2026-07-21 06:25:43] [INFO] [GAURANGA] 
[2026-07-21 06:25:43] [INFO] [GAURANGA] PHASE 5: SCHEDULER
[2026-07-21 06:25:43] [INFO] [GAURANGA] Initializing Scheduler...
[2026-07-21 06:25:43] [INFO] [GAURANGA] Scheduled task: health_check every 60s
[2026-07-21 06:25:43] [INFO] [GAURANGA] Scheduled task: sync_data every 300s
[2026-07-21 06:25:43] [INFO] [GAURANGA] Scheduled task: generate_report every 3600s
[2026-07-21 06:25:43] [INFO] [GAURANGA] Scheduled task: daily_backup every 86400s
[2026-07-21 06:25:43] [SUCCESS] [GAURANGA]   Scheduler: READY
[2026-07-21 06:25:43] [INFO] [GAURANGA] 
[2026-07-21 06:25:43] [INFO] [GAURANGA] PHASE 6: NETWORK
[2026-07-21 06:25:43] [INFO] [GAURANGA] Checking internet connection...
[2026-07-21 06:25:43] [SUCCESS] [GAURANGA]   Internet: CONNECTED
[2026-07-21 06:26:17] [INFO] [GAURANGA] Scheduler stopped
[2026-07-21 06:26:17] [INFO] [GAURANGA] GAURANGA ROOT TOOLKIT stopped
[2026-07-21 10:10:52] [RUNNING] [GAURANGA] ============================================================
[2026-07-21 10:10:52] [RUNNING] [GAURANGA] STARTING GAURANGA ROOT TOOLKIT
[2026-07-21 10:10:52] [RUNNING] [GAURANGA] ============================================================
[2026-07-21 10:10:52] [INFO] [GAURANGA] 
[2026-07-21 10:10:52] [INFO] [GAURANGA] PHASE 1: ENVIRONMENT CHECK
[2026-07-21 10:10:52] [INFO] [GAURANGA] Checking environment...
[2026-07-21 10:10:52] [INFO] [GAURANGA]   Python Version: 3.13.14
[2026-07-21 10:10:52] [INFO] [GAURANGA]   OS: posix
[2026-07-21 10:10:52] [INFO] [GAURANGA]   User: Unknown
[2026-07-21 10:10:52] [INFO] [GAURANGA]   Working Dir: /workspace/project/MAHA-LAKSHMI-CORP
[2026-07-21 10:10:52] [INFO] [GAURANGA] Checking dependencies...
[2026-07-21 10:10:52] [SUCCESS] [GAURANGA]   json: OK
[2026-07-21 10:10:52] [SUCCESS] [GAURANGA]   time: OK
[2026-07-21 10:10:52] [SUCCESS] [GAURANGA]   datetime: OK
[2026-07-21 10:10:52] [SUCCESS] [GAURANGA]   pathlib: OK
[2026-07-21 10:10:52] [SUCCESS] [GAURANGA]   subprocess: OK
[2026-07-21 10:10:52] [INFO] [GAURANGA] 
[2026-07-21 10:10:52] [INFO] [GAURANGA] PHASE 2: DATABASE
[2026-07-21 10:10:52] [SUCCESS] [GAURANGA]   Database initialized
[2026-07-21 10:10:52] [INFO] [GAURANGA] 
[2026-07-21 10:10:52] [INFO] [GAURANGA] PHASE 3: MEMORY
[2026-07-21 10:10:52] [ERROR] [GAURANGA] UNIQUE constraint failed: memory.key
